<?xml version="1.0" encoding="UTF-8"?>
<Site BuildName="Linux-g++"
	BuildStamp="20240507-2031-Experimental"
	Name="Coras-Lappy-Toppy"
	Generator="ctest-3.29.2"
	CompilerName="/usr/bin/g++"
	CompilerVersion="11.4.0"
	OSName="Linux"
	Hostname="Coras-Lappy-Toppy"
	OSRelease="5.15.0-106-generic"
	OSVersion="#116-Ubuntu SMP Wed Apr 17 09:17:56 UTC 2024"
	OSPlatform="x86_64"
	Is64Bits="1"
	VendorString="AuthenticAMD"
	VendorID="Advanced Micro Devices"
	FamilyID="25"
	ModelID="68"
	ProcessorCacheSize="512"
	NumberOfLogicalCPU="12"
	NumberOfPhysicalCPU="6"
	TotalVirtualMemory="2047"
	TotalPhysicalMemory="7128"
	LogicalProcessorsPerPhysical="2"
	ProcessorClockFrequency="3300"
	>
	<Testing>
		<StartDateTime>May 07 15:09 PDT</StartDateTime>
		<StartTestTime>1715119790</StartTestTime>
		<TestList/>
		<EndDateTime>May 07 15:09 PDT</EndDateTime>
		<EndTestTime>1715119790</EndTestTime>
		<ElapsedMinutes>0</ElapsedMinutes>
	</Testing>
</Site>
